<?xml version="1.0" encoding="UTF-8"?>
<testng-results skipped="0" failed="1" ignored="0" total="2" passed="1">
  <reporter-output>
  </reporter-output>
  <suite name="Suite" duration-ms="65304" started-at="2021-08-03T20:36:45 IST" finished-at="2021-08-03T20:37:50 IST">
    <groups>
    </groups>
    <test name="Test" duration-ms="65304" started-at="2021-08-03T20:36:45 IST" finished-at="2021-08-03T20:37:50 IST">
      <class name="com.main.Tests.GoogleSearchTest">
        <test-method status="PASS" signature="beforeClass()[pri:0, instance:com.main.Tests.GoogleSearchTest@6d763516]" name="beforeClass" is-config="true" duration-ms="634" started-at="2021-08-03T20:36:45 IST" finished-at="2021-08-03T20:36:45 IST">
          <reporter-output>
          </reporter-output>
        </test-method> <!-- beforeClass -->
        <test-method status="PASS" signature="setup()[pri:0, instance:com.main.Tests.GoogleSearchTest@6d763516]" name="setup" is-config="true" duration-ms="2760" started-at="2021-08-03T20:36:45 IST" finished-at="2021-08-03T20:36:48 IST">
          <reporter-output>
          </reporter-output>
        </test-method> <!-- setup -->
        <test-method status="PASS" signature="googleSearch(java.util.Map)[pri:0, instance:com.main.Tests.GoogleSearchTest@6d763516]" name="googleSearch" duration-ms="15798" started-at="2021-08-03T20:36:48 IST" data-provider="data-provider" finished-at="2021-08-03T20:37:04 IST">
          <params>
            <param index="0">
              <value>
                <![CDATA[{ContentToSearch=fiserv, VerifyLink=https://www.fiserv.com/, LinkNumber=3, SearchEngineURL=https://www.google.com, Test ID=GS-1}]]>
              </value>
            </param>
          </params>
          <reporter-output>
          </reporter-output>
        </test-method> <!-- googleSearch -->
        <test-method status="PASS" signature="teardown()[pri:0, instance:com.main.Tests.GoogleSearchTest@6d763516]" name="teardown" is-config="true" duration-ms="818" started-at="2021-08-03T20:37:04 IST" finished-at="2021-08-03T20:37:05 IST">
          <reporter-output>
          </reporter-output>
        </test-method> <!-- teardown -->
        <test-method status="PASS" signature="setup()[pri:0, instance:com.main.Tests.GoogleSearchTest@6d763516]" name="setup" is-config="true" duration-ms="1470" started-at="2021-08-03T20:37:05 IST" finished-at="2021-08-03T20:37:06 IST">
          <reporter-output>
          </reporter-output>
        </test-method> <!-- setup -->
        <test-method status="FAIL" signature="googleSearch(java.util.Map)[pri:0, instance:com.main.Tests.GoogleSearchTest@6d763516]" name="googleSearch" duration-ms="42743" started-at="2021-08-03T20:37:06 IST" data-provider="data-provider" finished-at="2021-08-03T20:37:49 IST">
          <params>
            <param index="0">
              <value>
                <![CDATA[{ContentToSearch=HCL, VerifyLink=https://www.hcl.com/, LinkNumber=4, SearchEngineURL=https://www.yahoo.com, Test ID=GS-2}]]>
              </value>
            </param>
          </params>
          <exception class="java.lang.AssertionError">
            <message>
              <![CDATA[expected [true] but found [false]]]>
            </message>
            <full-stacktrace>
              <![CDATA[java.lang.AssertionError: expected [true] but found [false]
at org.testng.Assert.fail(Assert.java:99)
at org.testng.Assert.failNotEquals(Assert.java:1037)
at org.testng.Assert.assertEqualsImpl(Assert.java:140)
at org.testng.Assert.assertEquals(Assert.java:122)
at org.testng.Assert.assertEquals(Assert.java:819)
at org.testng.Assert.assertEquals(Assert.java:829)
at com.main.Tests.GoogleSearchTest.googleSearch(GoogleSearchTest.java:65)
at sun.reflect.NativeMethodAccessorImpl.invoke0(Native Method)
at sun.reflect.NativeMethodAccessorImpl.invoke(NativeMethodAccessorImpl.java:62)
at sun.reflect.DelegatingMethodAccessorImpl.invoke(DelegatingMethodAccessorImpl.java:43)
at java.lang.reflect.Method.invoke(Method.java:498)
at org.testng.internal.MethodInvocationHelper.invokeMethod(MethodInvocationHelper.java:133)
at org.testng.internal.TestInvoker.invokeMethod(TestInvoker.java:598)
at org.testng.internal.TestInvoker.invokeTestMethod(TestInvoker.java:173)
at org.testng.internal.MethodRunner.runInSequence(MethodRunner.java:46)
at org.testng.internal.TestInvoker$MethodInvocationAgent.invoke(TestInvoker.java:824)
at org.testng.internal.TestInvoker.invokeTestMethods(TestInvoker.java:146)
at org.testng.internal.TestMethodWorker.invokeTestMethods(TestMethodWorker.java:146)
at org.testng.internal.TestMethodWorker.run(TestMethodWorker.java:128)
at java.util.ArrayList.forEach(ArrayList.java:1259)
at org.testng.TestRunner.privateRun(TestRunner.java:794)
at org.testng.TestRunner.run(TestRunner.java:596)
at org.testng.SuiteRunner.runTest(SuiteRunner.java:377)
at org.testng.SuiteRunner.runSequentially(SuiteRunner.java:371)
at org.testng.SuiteRunner.privateRun(SuiteRunner.java:332)
at org.testng.SuiteRunner.run(SuiteRunner.java:276)
at org.testng.SuiteRunnerWorker.runSuite(SuiteRunnerWorker.java:53)
at org.testng.SuiteRunnerWorker.run(SuiteRunnerWorker.java:96)
at org.testng.TestNG.runSuitesSequentially(TestNG.java:1212)
at org.testng.TestNG.runSuitesLocally(TestNG.java:1134)
at org.testng.TestNG.runSuites(TestNG.java:1063)
at org.testng.TestNG.run(TestNG.java:1031)
at org.testng.remote.AbstractRemoteTestNG.run(AbstractRemoteTestNG.java:115)
at org.testng.remote.RemoteTestNG.initAndRun(RemoteTestNG.java:251)
at org.testng.remote.RemoteTestNG.main(RemoteTestNG.java:77)
]]>
            </full-stacktrace>
          </exception> <!-- java.lang.AssertionError -->
          <reporter-output>
          </reporter-output>
        </test-method> <!-- googleSearch -->
        <test-method status="PASS" signature="teardown()[pri:0, instance:com.main.Tests.GoogleSearchTest@6d763516]" name="teardown" is-config="true" duration-ms="781" started-at="2021-08-03T20:37:49 IST" finished-at="2021-08-03T20:37:50 IST">
          <reporter-output>
          </reporter-output>
        </test-method> <!-- teardown -->
      </class> <!-- com.main.Tests.GoogleSearchTest -->
    </test> <!-- Test -->
  </suite> <!-- Suite -->
</testng-results>
